Performing C SOURCE FILE Test HAVE_GCC_PREFERRED_STACK_BOUNDARY failed with the following output:
Change Dir: /home/toasterbirb/git/void/build/CMakeFiles/CMakeTmp

Run Build Command(s):/usr/bin/gmake -f Makefile cmTC_7027b/fast && /usr/bin/gmake  -f CMakeFiles/cmTC_7027b.dir/build.make CMakeFiles/cmTC_7027b.dir/build
gmake[1]: Siirrytään hakemistoon ”/home/toasterbirb/git/void/build/CMakeFiles/CMakeTmp”
Building C object CMakeFiles/cmTC_7027b.dir/src.c.o
/usr/bin/cc -DHAVE_GCC_PREFERRED_STACK_BOUNDARY  -idirafter "/home/toasterbirb/git/void/birb2d/vendor/SDL/src/video/khronos" -mpreferred-stack-boundary=2 -o CMakeFiles/cmTC_7027b.dir/src.c.o -c /home/toasterbirb/git/void/build/CMakeFiles/CMakeTmp/src.c
cc1: virhe: ”-mpreferred-stack-boundary=2” is not between 3 and 12
gmake[1]: *** [CMakeFiles/cmTC_7027b.dir/build.make:78: CMakeFiles/cmTC_7027b.dir/src.c.o] Virhe 1
gmake[1]: Poistutaan hakemistosta ”/home/toasterbirb/git/void/build/CMakeFiles/CMakeTmp”
gmake: *** [Makefile:127: cmTC_7027b/fast] Virhe 2


Source file was:
int x = 0; int main(int argc, char **argv) { return 0; }
Performing C SOURCE FILE Test HAVE_ALTIVEC_H_HDR failed with the following output:
Change Dir: /home/toasterbirb/git/void/build/CMakeFiles/CMakeTmp

Run Build Command(s):/usr/bin/gmake -f Makefile cmTC_3c593/fast && /usr/bin/gmake  -f CMakeFiles/cmTC_3c593.dir/build.make CMakeFiles/cmTC_3c593.dir/build
gmake[1]: Siirrytään hakemistoon ”/home/toasterbirb/git/void/build/CMakeFiles/CMakeTmp”
Building C object CMakeFiles/cmTC_3c593.dir/src.c.o
/usr/bin/cc -DHAVE_ALTIVEC_H_HDR  -idirafter "/home/toasterbirb/git/void/birb2d/vendor/SDL/src/video/khronos" -maltivec -o CMakeFiles/cmTC_3c593.dir/src.c.o -c /home/toasterbirb/git/void/build/CMakeFiles/CMakeTmp/src.c
cc: virhe: unrecognized command-line option ”-maltivec”
gmake[1]: *** [CMakeFiles/cmTC_3c593.dir/build.make:78: CMakeFiles/cmTC_3c593.dir/src.c.o] Virhe 1
gmake[1]: Poistutaan hakemistosta ”/home/toasterbirb/git/void/build/CMakeFiles/CMakeTmp”
gmake: *** [Makefile:127: cmTC_3c593/fast] Virhe 2


Source file was:

          #include <altivec.h>
          vector unsigned int vzero() {
              return vec_splat_u32(0);
          }
          int main(int argc, char **argv) { return 0; }
Performing C SOURCE FILE Test HAVE_ALTIVEC failed with the following output:
Change Dir: /home/toasterbirb/git/void/build/CMakeFiles/CMakeTmp

Run Build Command(s):/usr/bin/gmake -f Makefile cmTC_3b882/fast && /usr/bin/gmake  -f CMakeFiles/cmTC_3b882.dir/build.make CMakeFiles/cmTC_3b882.dir/build
gmake[1]: Siirrytään hakemistoon ”/home/toasterbirb/git/void/build/CMakeFiles/CMakeTmp”
Building C object CMakeFiles/cmTC_3b882.dir/src.c.o
/usr/bin/cc -DHAVE_ALTIVEC  -idirafter "/home/toasterbirb/git/void/birb2d/vendor/SDL/src/video/khronos" -maltivec -o CMakeFiles/cmTC_3b882.dir/src.c.o -c /home/toasterbirb/git/void/build/CMakeFiles/CMakeTmp/src.c
cc: virhe: unrecognized command-line option ”-maltivec”
gmake[1]: *** [CMakeFiles/cmTC_3b882.dir/build.make:78: CMakeFiles/cmTC_3b882.dir/src.c.o] Virhe 1
gmake[1]: Poistutaan hakemistosta ”/home/toasterbirb/git/void/build/CMakeFiles/CMakeTmp”
gmake: *** [Makefile:127: cmTC_3b882/fast] Virhe 2


Source file was:

          vector unsigned int vzero() {
              return vec_splat_u32(0);
          }
          int main(int argc, char **argv) { return 0; }
Determining if the strlcpy exist failed with the following output:
Change Dir: /home/toasterbirb/git/void/build/CMakeFiles/CMakeTmp

Run Build Command(s):/usr/bin/gmake -f Makefile cmTC_f8c76/fast && /usr/bin/gmake  -f CMakeFiles/cmTC_f8c76.dir/build.make CMakeFiles/cmTC_f8c76.dir/build
gmake[1]: Siirrytään hakemistoon ”/home/toasterbirb/git/void/build/CMakeFiles/CMakeTmp”
Building C object CMakeFiles/cmTC_f8c76.dir/CheckSymbolExists.c.o
/usr/bin/cc   -idirafter "/home/toasterbirb/git/void/birb2d/vendor/SDL/src/video/khronos"  -o CMakeFiles/cmTC_f8c76.dir/CheckSymbolExists.c.o -c /home/toasterbirb/git/void/build/CMakeFiles/CMakeTmp/CheckSymbolExists.c
/home/toasterbirb/git/void/build/CMakeFiles/CMakeTmp/CheckSymbolExists.c: Funktio ”main”:
/home/toasterbirb/git/void/build/CMakeFiles/CMakeTmp/CheckSymbolExists.c:14:19: virhe: ”strlcpy” undeclared (first use in this function); did you mean ”strncpy”?
   14 |   return ((int*)(&strlcpy))[argc];
      |                   ^~~~~~~
      |                   strncpy
/home/toasterbirb/git/void/build/CMakeFiles/CMakeTmp/CheckSymbolExists.c:14:19: huom: each undeclared identifier is reported only once for each function it appears in
gmake[1]: *** [CMakeFiles/cmTC_f8c76.dir/build.make:78: CMakeFiles/cmTC_f8c76.dir/CheckSymbolExists.c.o] Virhe 1
gmake[1]: Poistutaan hakemistosta ”/home/toasterbirb/git/void/build/CMakeFiles/CMakeTmp”
gmake: *** [Makefile:127: cmTC_f8c76/fast] Virhe 2


File /home/toasterbirb/git/void/build/CMakeFiles/CMakeTmp/CheckSymbolExists.c:
/* */
#include <stddef.h>
#include <stdarg.h>
#include <stdlib.h>
#include <string.h>
#include <stdio.h>
#include <wchar.h>
#include <float.h>

int main(int argc, char** argv)
{
  (void)argv;
#ifndef strlcpy
  return ((int*)(&strlcpy))[argc];
#else
  (void)argc;
  return 0;
#endif
}
Determining if the strlcat exist failed with the following output:
Change Dir: /home/toasterbirb/git/void/build/CMakeFiles/CMakeTmp

Run Build Command(s):/usr/bin/gmake -f Makefile cmTC_2b8e8/fast && /usr/bin/gmake  -f CMakeFiles/cmTC_2b8e8.dir/build.make CMakeFiles/cmTC_2b8e8.dir/build
gmake[1]: Siirrytään hakemistoon ”/home/toasterbirb/git/void/build/CMakeFiles/CMakeTmp”
Building C object CMakeFiles/cmTC_2b8e8.dir/CheckSymbolExists.c.o
/usr/bin/cc   -idirafter "/home/toasterbirb/git/void/birb2d/vendor/SDL/src/video/khronos"  -o CMakeFiles/cmTC_2b8e8.dir/CheckSymbolExists.c.o -c /home/toasterbirb/git/void/build/CMakeFiles/CMakeTmp/CheckSymbolExists.c
/home/toasterbirb/git/void/build/CMakeFiles/CMakeTmp/CheckSymbolExists.c: Funktio ”main”:
/home/toasterbirb/git/void/build/CMakeFiles/CMakeTmp/CheckSymbolExists.c:14:19: virhe: ”strlcat” undeclared (first use in this function); did you mean ”strncat”?
   14 |   return ((int*)(&strlcat))[argc];
      |                   ^~~~~~~
      |                   strncat
/home/toasterbirb/git/void/build/CMakeFiles/CMakeTmp/CheckSymbolExists.c:14:19: huom: each undeclared identifier is reported only once for each function it appears in
gmake[1]: *** [CMakeFiles/cmTC_2b8e8.dir/build.make:78: CMakeFiles/cmTC_2b8e8.dir/CheckSymbolExists.c.o] Virhe 1
gmake[1]: Poistutaan hakemistosta ”/home/toasterbirb/git/void/build/CMakeFiles/CMakeTmp”
gmake: *** [Makefile:127: cmTC_2b8e8/fast] Virhe 2


File /home/toasterbirb/git/void/build/CMakeFiles/CMakeTmp/CheckSymbolExists.c:
/* */
#include <stddef.h>
#include <stdarg.h>
#include <stdlib.h>
#include <string.h>
#include <stdio.h>
#include <wchar.h>
#include <float.h>

int main(int argc, char** argv)
{
  (void)argv;
#ifndef strlcat
  return ((int*)(&strlcat))[argc];
#else
  (void)argc;
  return 0;
#endif
}
Determining if the _strrev exist failed with the following output:
Change Dir: /home/toasterbirb/git/void/build/CMakeFiles/CMakeTmp

Run Build Command(s):/usr/bin/gmake -f Makefile cmTC_26f69/fast && /usr/bin/gmake  -f CMakeFiles/cmTC_26f69.dir/build.make CMakeFiles/cmTC_26f69.dir/build
gmake[1]: Siirrytään hakemistoon ”/home/toasterbirb/git/void/build/CMakeFiles/CMakeTmp”
Building C object CMakeFiles/cmTC_26f69.dir/CheckSymbolExists.c.o
/usr/bin/cc   -idirafter "/home/toasterbirb/git/void/birb2d/vendor/SDL/src/video/khronos"  -o CMakeFiles/cmTC_26f69.dir/CheckSymbolExists.c.o -c /home/toasterbirb/git/void/build/CMakeFiles/CMakeTmp/CheckSymbolExists.c
/home/toasterbirb/git/void/build/CMakeFiles/CMakeTmp/CheckSymbolExists.c: Funktio ”main”:
/home/toasterbirb/git/void/build/CMakeFiles/CMakeTmp/CheckSymbolExists.c:14:19: virhe: ”_strrev” esittelemättä (ensimmäinen käyttökerta tässä funktiossa)
   14 |   return ((int*)(&_strrev))[argc];
      |                   ^~~~~~~
/home/toasterbirb/git/void/build/CMakeFiles/CMakeTmp/CheckSymbolExists.c:14:19: huom: each undeclared identifier is reported only once for each function it appears in
gmake[1]: *** [CMakeFiles/cmTC_26f69.dir/build.make:78: CMakeFiles/cmTC_26f69.dir/CheckSymbolExists.c.o] Virhe 1
gmake[1]: Poistutaan hakemistosta ”/home/toasterbirb/git/void/build/CMakeFiles/CMakeTmp”
gmake: *** [Makefile:127: cmTC_26f69/fast] Virhe 2


File /home/toasterbirb/git/void/build/CMakeFiles/CMakeTmp/CheckSymbolExists.c:
/* */
#include <stddef.h>
#include <stdarg.h>
#include <stdlib.h>
#include <string.h>
#include <stdio.h>
#include <wchar.h>
#include <float.h>

int main(int argc, char** argv)
{
  (void)argv;
#ifndef _strrev
  return ((int*)(&_strrev))[argc];
#else
  (void)argc;
  return 0;
#endif
}
Determining if the _strupr exist failed with the following output:
Change Dir: /home/toasterbirb/git/void/build/CMakeFiles/CMakeTmp

Run Build Command(s):/usr/bin/gmake -f Makefile cmTC_fa28d/fast && /usr/bin/gmake  -f CMakeFiles/cmTC_fa28d.dir/build.make CMakeFiles/cmTC_fa28d.dir/build
gmake[1]: Siirrytään hakemistoon ”/home/toasterbirb/git/void/build/CMakeFiles/CMakeTmp”
Building C object CMakeFiles/cmTC_fa28d.dir/CheckSymbolExists.c.o
/usr/bin/cc   -idirafter "/home/toasterbirb/git/void/birb2d/vendor/SDL/src/video/khronos"  -o CMakeFiles/cmTC_fa28d.dir/CheckSymbolExists.c.o -c /home/toasterbirb/git/void/build/CMakeFiles/CMakeTmp/CheckSymbolExists.c
/home/toasterbirb/git/void/build/CMakeFiles/CMakeTmp/CheckSymbolExists.c: Funktio ”main”:
/home/toasterbirb/git/void/build/CMakeFiles/CMakeTmp/CheckSymbolExists.c:14:19: virhe: ”_strupr” esittelemättä (ensimmäinen käyttökerta tässä funktiossa)
   14 |   return ((int*)(&_strupr))[argc];
      |                   ^~~~~~~
/home/toasterbirb/git/void/build/CMakeFiles/CMakeTmp/CheckSymbolExists.c:14:19: huom: each undeclared identifier is reported only once for each function it appears in
gmake[1]: *** [CMakeFiles/cmTC_fa28d.dir/build.make:78: CMakeFiles/cmTC_fa28d.dir/CheckSymbolExists.c.o] Virhe 1
gmake[1]: Poistutaan hakemistosta ”/home/toasterbirb/git/void/build/CMakeFiles/CMakeTmp”
gmake: *** [Makefile:127: cmTC_fa28d/fast] Virhe 2


File /home/toasterbirb/git/void/build/CMakeFiles/CMakeTmp/CheckSymbolExists.c:
/* */
#include <stddef.h>
#include <stdarg.h>
#include <stdlib.h>
#include <string.h>
#include <stdio.h>
#include <wchar.h>
#include <float.h>

int main(int argc, char** argv)
{
  (void)argv;
#ifndef _strupr
  return ((int*)(&_strupr))[argc];
#else
  (void)argc;
  return 0;
#endif
}
Determining if the _strlwr exist failed with the following output:
Change Dir: /home/toasterbirb/git/void/build/CMakeFiles/CMakeTmp

Run Build Command(s):/usr/bin/gmake -f Makefile cmTC_63558/fast && /usr/bin/gmake  -f CMakeFiles/cmTC_63558.dir/build.make CMakeFiles/cmTC_63558.dir/build
gmake[1]: Siirrytään hakemistoon ”/home/toasterbirb/git/void/build/CMakeFiles/CMakeTmp”
Building C object CMakeFiles/cmTC_63558.dir/CheckSymbolExists.c.o
/usr/bin/cc   -idirafter "/home/toasterbirb/git/void/birb2d/vendor/SDL/src/video/khronos"  -o CMakeFiles/cmTC_63558.dir/CheckSymbolExists.c.o -c /home/toasterbirb/git/void/build/CMakeFiles/CMakeTmp/CheckSymbolExists.c
/home/toasterbirb/git/void/build/CMakeFiles/CMakeTmp/CheckSymbolExists.c: Funktio ”main”:
/home/toasterbirb/git/void/build/CMakeFiles/CMakeTmp/CheckSymbolExists.c:14:19: virhe: ”_strlwr” esittelemättä (ensimmäinen käyttökerta tässä funktiossa)
   14 |   return ((int*)(&_strlwr))[argc];
      |                   ^~~~~~~
/home/toasterbirb/git/void/build/CMakeFiles/CMakeTmp/CheckSymbolExists.c:14:19: huom: each undeclared identifier is reported only once for each function it appears in
gmake[1]: *** [CMakeFiles/cmTC_63558.dir/build.make:78: CMakeFiles/cmTC_63558.dir/CheckSymbolExists.c.o] Virhe 1
gmake[1]: Poistutaan hakemistosta ”/home/toasterbirb/git/void/build/CMakeFiles/CMakeTmp”
gmake: *** [Makefile:127: cmTC_63558/fast] Virhe 2


File /home/toasterbirb/git/void/build/CMakeFiles/CMakeTmp/CheckSymbolExists.c:
/* */
#include <stddef.h>
#include <stdarg.h>
#include <stdlib.h>
#include <string.h>
#include <stdio.h>
#include <wchar.h>
#include <float.h>

int main(int argc, char** argv)
{
  (void)argv;
#ifndef _strlwr
  return ((int*)(&_strlwr))[argc];
#else
  (void)argc;
  return 0;
#endif
}
Determining if the itoa exist failed with the following output:
Change Dir: /home/toasterbirb/git/void/build/CMakeFiles/CMakeTmp

Run Build Command(s):/usr/bin/gmake -f Makefile cmTC_34e3e/fast && /usr/bin/gmake  -f CMakeFiles/cmTC_34e3e.dir/build.make CMakeFiles/cmTC_34e3e.dir/build
gmake[1]: Siirrytään hakemistoon ”/home/toasterbirb/git/void/build/CMakeFiles/CMakeTmp”
Building C object CMakeFiles/cmTC_34e3e.dir/CheckSymbolExists.c.o
/usr/bin/cc   -idirafter "/home/toasterbirb/git/void/birb2d/vendor/SDL/src/video/khronos"  -o CMakeFiles/cmTC_34e3e.dir/CheckSymbolExists.c.o -c /home/toasterbirb/git/void/build/CMakeFiles/CMakeTmp/CheckSymbolExists.c
/home/toasterbirb/git/void/build/CMakeFiles/CMakeTmp/CheckSymbolExists.c: Funktio ”main”:
/home/toasterbirb/git/void/build/CMakeFiles/CMakeTmp/CheckSymbolExists.c:14:19: virhe: ”itoa” esittelemättä (ensimmäinen käyttökerta tässä funktiossa)
   14 |   return ((int*)(&itoa))[argc];
      |                   ^~~~
/home/toasterbirb/git/void/build/CMakeFiles/CMakeTmp/CheckSymbolExists.c:14:19: huom: each undeclared identifier is reported only once for each function it appears in
gmake[1]: *** [CMakeFiles/cmTC_34e3e.dir/build.make:78: CMakeFiles/cmTC_34e3e.dir/CheckSymbolExists.c.o] Virhe 1
gmake[1]: Poistutaan hakemistosta ”/home/toasterbirb/git/void/build/CMakeFiles/CMakeTmp”
gmake: *** [Makefile:127: cmTC_34e3e/fast] Virhe 2


File /home/toasterbirb/git/void/build/CMakeFiles/CMakeTmp/CheckSymbolExists.c:
/* */
#include <stddef.h>
#include <stdarg.h>
#include <stdlib.h>
#include <string.h>
#include <stdio.h>
#include <wchar.h>
#include <float.h>

int main(int argc, char** argv)
{
  (void)argv;
#ifndef itoa
  return ((int*)(&itoa))[argc];
#else
  (void)argc;
  return 0;
#endif
}
Determining if the _ltoa exist failed with the following output:
Change Dir: /home/toasterbirb/git/void/build/CMakeFiles/CMakeTmp

Run Build Command(s):/usr/bin/gmake -f Makefile cmTC_c8d84/fast && /usr/bin/gmake  -f CMakeFiles/cmTC_c8d84.dir/build.make CMakeFiles/cmTC_c8d84.dir/build
gmake[1]: Siirrytään hakemistoon ”/home/toasterbirb/git/void/build/CMakeFiles/CMakeTmp”
Building C object CMakeFiles/cmTC_c8d84.dir/CheckSymbolExists.c.o
/usr/bin/cc   -idirafter "/home/toasterbirb/git/void/birb2d/vendor/SDL/src/video/khronos"  -o CMakeFiles/cmTC_c8d84.dir/CheckSymbolExists.c.o -c /home/toasterbirb/git/void/build/CMakeFiles/CMakeTmp/CheckSymbolExists.c
/home/toasterbirb/git/void/build/CMakeFiles/CMakeTmp/CheckSymbolExists.c: Funktio ”main”:
/home/toasterbirb/git/void/build/CMakeFiles/CMakeTmp/CheckSymbolExists.c:14:19: virhe: ”_ltoa” esittelemättä (ensimmäinen käyttökerta tässä funktiossa)
   14 |   return ((int*)(&_ltoa))[argc];
      |                   ^~~~~
/home/toasterbirb/git/void/build/CMakeFiles/CMakeTmp/CheckSymbolExists.c:14:19: huom: each undeclared identifier is reported only once for each function it appears in
gmake[1]: *** [CMakeFiles/cmTC_c8d84.dir/build.make:78: CMakeFiles/cmTC_c8d84.dir/CheckSymbolExists.c.o] Virhe 1
gmake[1]: Poistutaan hakemistosta ”/home/toasterbirb/git/void/build/CMakeFiles/CMakeTmp”
gmake: *** [Makefile:127: cmTC_c8d84/fast] Virhe 2


File /home/toasterbirb/git/void/build/CMakeFiles/CMakeTmp/CheckSymbolExists.c:
/* */
#include <stddef.h>
#include <stdarg.h>
#include <stdlib.h>
#include <string.h>
#include <stdio.h>
#include <wchar.h>
#include <float.h>

int main(int argc, char** argv)
{
  (void)argv;
#ifndef _ltoa
  return ((int*)(&_ltoa))[argc];
#else
  (void)argc;
  return 0;
#endif
}
Determining if the _uitoa exist failed with the following output:
Change Dir: /home/toasterbirb/git/void/build/CMakeFiles/CMakeTmp

Run Build Command(s):/usr/bin/gmake -f Makefile cmTC_61c6c/fast && /usr/bin/gmake  -f CMakeFiles/cmTC_61c6c.dir/build.make CMakeFiles/cmTC_61c6c.dir/build
gmake[1]: Siirrytään hakemistoon ”/home/toasterbirb/git/void/build/CMakeFiles/CMakeTmp”
Building C object CMakeFiles/cmTC_61c6c.dir/CheckSymbolExists.c.o
/usr/bin/cc   -idirafter "/home/toasterbirb/git/void/birb2d/vendor/SDL/src/video/khronos"  -o CMakeFiles/cmTC_61c6c.dir/CheckSymbolExists.c.o -c /home/toasterbirb/git/void/build/CMakeFiles/CMakeTmp/CheckSymbolExists.c
/home/toasterbirb/git/void/build/CMakeFiles/CMakeTmp/CheckSymbolExists.c: Funktio ”main”:
/home/toasterbirb/git/void/build/CMakeFiles/CMakeTmp/CheckSymbolExists.c:14:19: virhe: ”_uitoa” esittelemättä (ensimmäinen käyttökerta tässä funktiossa)
   14 |   return ((int*)(&_uitoa))[argc];
      |                   ^~~~~~
/home/toasterbirb/git/void/build/CMakeFiles/CMakeTmp/CheckSymbolExists.c:14:19: huom: each undeclared identifier is reported only once for each function it appears in
gmake[1]: *** [CMakeFiles/cmTC_61c6c.dir/build.make:78: CMakeFiles/cmTC_61c6c.dir/CheckSymbolExists.c.o] Virhe 1
gmake[1]: Poistutaan hakemistosta ”/home/toasterbirb/git/void/build/CMakeFiles/CMakeTmp”
gmake: *** [Makefile:127: cmTC_61c6c/fast] Virhe 2


File /home/toasterbirb/git/void/build/CMakeFiles/CMakeTmp/CheckSymbolExists.c:
/* */
#include <stddef.h>
#include <stdarg.h>
#include <stdlib.h>
#include <string.h>
#include <stdio.h>
#include <wchar.h>
#include <float.h>

int main(int argc, char** argv)
{
  (void)argv;
#ifndef _uitoa
  return ((int*)(&_uitoa))[argc];
#else
  (void)argc;
  return 0;
#endif
}
Determining if the _ultoa exist failed with the following output:
Change Dir: /home/toasterbirb/git/void/build/CMakeFiles/CMakeTmp

Run Build Command(s):/usr/bin/gmake -f Makefile cmTC_2bfa4/fast && /usr/bin/gmake  -f CMakeFiles/cmTC_2bfa4.dir/build.make CMakeFiles/cmTC_2bfa4.dir/build
gmake[1]: Siirrytään hakemistoon ”/home/toasterbirb/git/void/build/CMakeFiles/CMakeTmp”
Building C object CMakeFiles/cmTC_2bfa4.dir/CheckSymbolExists.c.o
/usr/bin/cc   -idirafter "/home/toasterbirb/git/void/birb2d/vendor/SDL/src/video/khronos"  -o CMakeFiles/cmTC_2bfa4.dir/CheckSymbolExists.c.o -c /home/toasterbirb/git/void/build/CMakeFiles/CMakeTmp/CheckSymbolExists.c
/home/toasterbirb/git/void/build/CMakeFiles/CMakeTmp/CheckSymbolExists.c: Funktio ”main”:
/home/toasterbirb/git/void/build/CMakeFiles/CMakeTmp/CheckSymbolExists.c:14:19: virhe: ”_ultoa” esittelemättä (ensimmäinen käyttökerta tässä funktiossa)
   14 |   return ((int*)(&_ultoa))[argc];
      |                   ^~~~~~
/home/toasterbirb/git/void/build/CMakeFiles/CMakeTmp/CheckSymbolExists.c:14:19: huom: each undeclared identifier is reported only once for each function it appears in
gmake[1]: *** [CMakeFiles/cmTC_2bfa4.dir/build.make:78: CMakeFiles/cmTC_2bfa4.dir/CheckSymbolExists.c.o] Virhe 1
gmake[1]: Poistutaan hakemistosta ”/home/toasterbirb/git/void/build/CMakeFiles/CMakeTmp”
gmake: *** [Makefile:127: cmTC_2bfa4/fast] Virhe 2


File /home/toasterbirb/git/void/build/CMakeFiles/CMakeTmp/CheckSymbolExists.c:
/* */
#include <stddef.h>
#include <stdarg.h>
#include <stdlib.h>
#include <string.h>
#include <stdio.h>
#include <wchar.h>
#include <float.h>

int main(int argc, char** argv)
{
  (void)argv;
#ifndef _ultoa
  return ((int*)(&_ultoa))[argc];
#else
  (void)argc;
  return 0;
#endif
}
Determining if the _i64toa exist failed with the following output:
Change Dir: /home/toasterbirb/git/void/build/CMakeFiles/CMakeTmp

Run Build Command(s):/usr/bin/gmake -f Makefile cmTC_55b99/fast && /usr/bin/gmake  -f CMakeFiles/cmTC_55b99.dir/build.make CMakeFiles/cmTC_55b99.dir/build
gmake[1]: Siirrytään hakemistoon ”/home/toasterbirb/git/void/build/CMakeFiles/CMakeTmp”
Building C object CMakeFiles/cmTC_55b99.dir/CheckSymbolExists.c.o
/usr/bin/cc   -idirafter "/home/toasterbirb/git/void/birb2d/vendor/SDL/src/video/khronos"  -o CMakeFiles/cmTC_55b99.dir/CheckSymbolExists.c.o -c /home/toasterbirb/git/void/build/CMakeFiles/CMakeTmp/CheckSymbolExists.c
/home/toasterbirb/git/void/build/CMakeFiles/CMakeTmp/CheckSymbolExists.c: Funktio ”main”:
/home/toasterbirb/git/void/build/CMakeFiles/CMakeTmp/CheckSymbolExists.c:14:19: virhe: ”_i64toa” esittelemättä (ensimmäinen käyttökerta tässä funktiossa)
   14 |   return ((int*)(&_i64toa))[argc];
      |                   ^~~~~~~
/home/toasterbirb/git/void/build/CMakeFiles/CMakeTmp/CheckSymbolExists.c:14:19: huom: each undeclared identifier is reported only once for each function it appears in
gmake[1]: *** [CMakeFiles/cmTC_55b99.dir/build.make:78: CMakeFiles/cmTC_55b99.dir/CheckSymbolExists.c.o] Virhe 1
gmake[1]: Poistutaan hakemistosta ”/home/toasterbirb/git/void/build/CMakeFiles/CMakeTmp”
gmake: *** [Makefile:127: cmTC_55b99/fast] Virhe 2


File /home/toasterbirb/git/void/build/CMakeFiles/CMakeTmp/CheckSymbolExists.c:
/* */
#include <stddef.h>
#include <stdarg.h>
#include <stdlib.h>
#include <string.h>
#include <stdio.h>
#include <wchar.h>
#include <float.h>

int main(int argc, char** argv)
{
  (void)argv;
#ifndef _i64toa
  return ((int*)(&_i64toa))[argc];
#else
  (void)argc;
  return 0;
#endif
}
Determining if the _ui64toa exist failed with the following output:
Change Dir: /home/toasterbirb/git/void/build/CMakeFiles/CMakeTmp

Run Build Command(s):/usr/bin/gmake -f Makefile cmTC_d3f8d/fast && /usr/bin/gmake  -f CMakeFiles/cmTC_d3f8d.dir/build.make CMakeFiles/cmTC_d3f8d.dir/build
gmake[1]: Siirrytään hakemistoon ”/home/toasterbirb/git/void/build/CMakeFiles/CMakeTmp”
Building C object CMakeFiles/cmTC_d3f8d.dir/CheckSymbolExists.c.o
/usr/bin/cc   -idirafter "/home/toasterbirb/git/void/birb2d/vendor/SDL/src/video/khronos"  -o CMakeFiles/cmTC_d3f8d.dir/CheckSymbolExists.c.o -c /home/toasterbirb/git/void/build/CMakeFiles/CMakeTmp/CheckSymbolExists.c
/home/toasterbirb/git/void/build/CMakeFiles/CMakeTmp/CheckSymbolExists.c: Funktio ”main”:
/home/toasterbirb/git/void/build/CMakeFiles/CMakeTmp/CheckSymbolExists.c:14:19: virhe: ”_ui64toa” esittelemättä (ensimmäinen käyttökerta tässä funktiossa)
   14 |   return ((int*)(&_ui64toa))[argc];
      |                   ^~~~~~~~
/home/toasterbirb/git/void/build/CMakeFiles/CMakeTmp/CheckSymbolExists.c:14:19: huom: each undeclared identifier is reported only once for each function it appears in
gmake[1]: *** [CMakeFiles/cmTC_d3f8d.dir/build.make:78: CMakeFiles/cmTC_d3f8d.dir/CheckSymbolExists.c.o] Virhe 1
gmake[1]: Poistutaan hakemistosta ”/home/toasterbirb/git/void/build/CMakeFiles/CMakeTmp”
gmake: *** [Makefile:127: cmTC_d3f8d/fast] Virhe 2


File /home/toasterbirb/git/void/build/CMakeFiles/CMakeTmp/CheckSymbolExists.c:
/* */
#include <stddef.h>
#include <stdarg.h>
#include <stdlib.h>
#include <string.h>
#include <stdio.h>
#include <wchar.h>
#include <float.h>

int main(int argc, char** argv)
{
  (void)argv;
#ifndef _ui64toa
  return ((int*)(&_ui64toa))[argc];
#else
  (void)argc;
  return 0;
#endif
}
Determining if the _stricmp exist failed with the following output:
Change Dir: /home/toasterbirb/git/void/build/CMakeFiles/CMakeTmp

Run Build Command(s):/usr/bin/gmake -f Makefile cmTC_df6ff/fast && /usr/bin/gmake  -f CMakeFiles/cmTC_df6ff.dir/build.make CMakeFiles/cmTC_df6ff.dir/build
gmake[1]: Siirrytään hakemistoon ”/home/toasterbirb/git/void/build/CMakeFiles/CMakeTmp”
Building C object CMakeFiles/cmTC_df6ff.dir/CheckSymbolExists.c.o
/usr/bin/cc   -idirafter "/home/toasterbirb/git/void/birb2d/vendor/SDL/src/video/khronos"  -o CMakeFiles/cmTC_df6ff.dir/CheckSymbolExists.c.o -c /home/toasterbirb/git/void/build/CMakeFiles/CMakeTmp/CheckSymbolExists.c
/home/toasterbirb/git/void/build/CMakeFiles/CMakeTmp/CheckSymbolExists.c: Funktio ”main”:
/home/toasterbirb/git/void/build/CMakeFiles/CMakeTmp/CheckSymbolExists.c:14:19: virhe: ”_stricmp” undeclared (first use in this function); did you mean ”strncmp”?
   14 |   return ((int*)(&_stricmp))[argc];
      |                   ^~~~~~~~
      |                   strncmp
/home/toasterbirb/git/void/build/CMakeFiles/CMakeTmp/CheckSymbolExists.c:14:19: huom: each undeclared identifier is reported only once for each function it appears in
gmake[1]: *** [CMakeFiles/cmTC_df6ff.dir/build.make:78: CMakeFiles/cmTC_df6ff.dir/CheckSymbolExists.c.o] Virhe 1
gmake[1]: Poistutaan hakemistosta ”/home/toasterbirb/git/void/build/CMakeFiles/CMakeTmp”
gmake: *** [Makefile:127: cmTC_df6ff/fast] Virhe 2


File /home/toasterbirb/git/void/build/CMakeFiles/CMakeTmp/CheckSymbolExists.c:
/* */
#include <stddef.h>
#include <stdarg.h>
#include <stdlib.h>
#include <string.h>
#include <stdio.h>
#include <wchar.h>
#include <float.h>

int main(int argc, char** argv)
{
  (void)argv;
#ifndef _stricmp
  return ((int*)(&_stricmp))[argc];
#else
  (void)argc;
  return 0;
#endif
}
Determining if the _strnicmp exist failed with the following output:
Change Dir: /home/toasterbirb/git/void/build/CMakeFiles/CMakeTmp

Run Build Command(s):/usr/bin/gmake -f Makefile cmTC_6a538/fast && /usr/bin/gmake  -f CMakeFiles/cmTC_6a538.dir/build.make CMakeFiles/cmTC_6a538.dir/build
gmake[1]: Siirrytään hakemistoon ”/home/toasterbirb/git/void/build/CMakeFiles/CMakeTmp”
Building C object CMakeFiles/cmTC_6a538.dir/CheckSymbolExists.c.o
/usr/bin/cc   -idirafter "/home/toasterbirb/git/void/birb2d/vendor/SDL/src/video/khronos"  -o CMakeFiles/cmTC_6a538.dir/CheckSymbolExists.c.o -c /home/toasterbirb/git/void/build/CMakeFiles/CMakeTmp/CheckSymbolExists.c
/home/toasterbirb/git/void/build/CMakeFiles/CMakeTmp/CheckSymbolExists.c: Funktio ”main”:
/home/toasterbirb/git/void/build/CMakeFiles/CMakeTmp/CheckSymbolExists.c:14:19: virhe: ”_strnicmp” undeclared (first use in this function); did you mean ”strncmp”?
   14 |   return ((int*)(&_strnicmp))[argc];
      |                   ^~~~~~~~~
      |                   strncmp
/home/toasterbirb/git/void/build/CMakeFiles/CMakeTmp/CheckSymbolExists.c:14:19: huom: each undeclared identifier is reported only once for each function it appears in
gmake[1]: *** [CMakeFiles/cmTC_6a538.dir/build.make:78: CMakeFiles/cmTC_6a538.dir/CheckSymbolExists.c.o] Virhe 1
gmake[1]: Poistutaan hakemistosta ”/home/toasterbirb/git/void/build/CMakeFiles/CMakeTmp”
gmake: *** [Makefile:127: cmTC_6a538/fast] Virhe 2


File /home/toasterbirb/git/void/build/CMakeFiles/CMakeTmp/CheckSymbolExists.c:
/* */
#include <stddef.h>
#include <stdarg.h>
#include <stdlib.h>
#include <string.h>
#include <stdio.h>
#include <wchar.h>
#include <float.h>

int main(int argc, char** argv)
{
  (void)argv;
#ifndef _strnicmp
  return ((int*)(&_strnicmp))[argc];
#else
  (void)argc;
  return 0;
#endif
}
Determining if the _wcsdup exist failed with the following output:
Change Dir: /home/toasterbirb/git/void/build/CMakeFiles/CMakeTmp

Run Build Command(s):/usr/bin/gmake -f Makefile cmTC_074cb/fast && /usr/bin/gmake  -f CMakeFiles/cmTC_074cb.dir/build.make CMakeFiles/cmTC_074cb.dir/build
gmake[1]: Siirrytään hakemistoon ”/home/toasterbirb/git/void/build/CMakeFiles/CMakeTmp”
Building C object CMakeFiles/cmTC_074cb.dir/CheckSymbolExists.c.o
/usr/bin/cc   -idirafter "/home/toasterbirb/git/void/birb2d/vendor/SDL/src/video/khronos"  -o CMakeFiles/cmTC_074cb.dir/CheckSymbolExists.c.o -c /home/toasterbirb/git/void/build/CMakeFiles/CMakeTmp/CheckSymbolExists.c
/home/toasterbirb/git/void/build/CMakeFiles/CMakeTmp/CheckSymbolExists.c: Funktio ”main”:
/home/toasterbirb/git/void/build/CMakeFiles/CMakeTmp/CheckSymbolExists.c:14:19: virhe: ”_wcsdup” undeclared (first use in this function); did you mean ”wcsdup”?
   14 |   return ((int*)(&_wcsdup))[argc];
      |                   ^~~~~~~
      |                   wcsdup
/home/toasterbirb/git/void/build/CMakeFiles/CMakeTmp/CheckSymbolExists.c:14:19: huom: each undeclared identifier is reported only once for each function it appears in
gmake[1]: *** [CMakeFiles/cmTC_074cb.dir/build.make:78: CMakeFiles/cmTC_074cb.dir/CheckSymbolExists.c.o] Virhe 1
gmake[1]: Poistutaan hakemistosta ”/home/toasterbirb/git/void/build/CMakeFiles/CMakeTmp”
gmake: *** [Makefile:127: cmTC_074cb/fast] Virhe 2


File /home/toasterbirb/git/void/build/CMakeFiles/CMakeTmp/CheckSymbolExists.c:
/* */
#include <stddef.h>
#include <stdarg.h>
#include <stdlib.h>
#include <string.h>
#include <stdio.h>
#include <wchar.h>
#include <float.h>

int main(int argc, char** argv)
{
  (void)argv;
#ifndef _wcsdup
  return ((int*)(&_wcsdup))[argc];
#else
  (void)argc;
  return 0;
#endif
}
Determining if the wcslcat exist failed with the following output:
Change Dir: /home/toasterbirb/git/void/build/CMakeFiles/CMakeTmp

Run Build Command(s):/usr/bin/gmake -f Makefile cmTC_2b06a/fast && /usr/bin/gmake  -f CMakeFiles/cmTC_2b06a.dir/build.make CMakeFiles/cmTC_2b06a.dir/build
gmake[1]: Siirrytään hakemistoon ”/home/toasterbirb/git/void/build/CMakeFiles/CMakeTmp”
Building C object CMakeFiles/cmTC_2b06a.dir/CheckSymbolExists.c.o
/usr/bin/cc   -idirafter "/home/toasterbirb/git/void/birb2d/vendor/SDL/src/video/khronos"  -o CMakeFiles/cmTC_2b06a.dir/CheckSymbolExists.c.o -c /home/toasterbirb/git/void/build/CMakeFiles/CMakeTmp/CheckSymbolExists.c
/home/toasterbirb/git/void/build/CMakeFiles/CMakeTmp/CheckSymbolExists.c: Funktio ”main”:
/home/toasterbirb/git/void/build/CMakeFiles/CMakeTmp/CheckSymbolExists.c:14:19: virhe: ”wcslcat” undeclared (first use in this function); did you mean ”wcsncat”?
   14 |   return ((int*)(&wcslcat))[argc];
      |                   ^~~~~~~
      |                   wcsncat
/home/toasterbirb/git/void/build/CMakeFiles/CMakeTmp/CheckSymbolExists.c:14:19: huom: each undeclared identifier is reported only once for each function it appears in
gmake[1]: *** [CMakeFiles/cmTC_2b06a.dir/build.make:78: CMakeFiles/cmTC_2b06a.dir/CheckSymbolExists.c.o] Virhe 1
gmake[1]: Poistutaan hakemistosta ”/home/toasterbirb/git/void/build/CMakeFiles/CMakeTmp”
gmake: *** [Makefile:127: cmTC_2b06a/fast] Virhe 2


File /home/toasterbirb/git/void/build/CMakeFiles/CMakeTmp/CheckSymbolExists.c:
/* */
#include <stddef.h>
#include <stdarg.h>
#include <stdlib.h>
#include <string.h>
#include <stdio.h>
#include <wchar.h>
#include <float.h>

int main(int argc, char** argv)
{
  (void)argv;
#ifndef wcslcat
  return ((int*)(&wcslcat))[argc];
#else
  (void)argc;
  return 0;
#endif
}
Determining if the wcslcpy exist failed with the following output:
Change Dir: /home/toasterbirb/git/void/build/CMakeFiles/CMakeTmp

Run Build Command(s):/usr/bin/gmake -f Makefile cmTC_de2dd/fast && /usr/bin/gmake  -f CMakeFiles/cmTC_de2dd.dir/build.make CMakeFiles/cmTC_de2dd.dir/build
gmake[1]: Siirrytään hakemistoon ”/home/toasterbirb/git/void/build/CMakeFiles/CMakeTmp”
Building C object CMakeFiles/cmTC_de2dd.dir/CheckSymbolExists.c.o
/usr/bin/cc   -idirafter "/home/toasterbirb/git/void/birb2d/vendor/SDL/src/video/khronos"  -o CMakeFiles/cmTC_de2dd.dir/CheckSymbolExists.c.o -c /home/toasterbirb/git/void/build/CMakeFiles/CMakeTmp/CheckSymbolExists.c
/home/toasterbirb/git/void/build/CMakeFiles/CMakeTmp/CheckSymbolExists.c: Funktio ”main”:
/home/toasterbirb/git/void/build/CMakeFiles/CMakeTmp/CheckSymbolExists.c:14:19: virhe: ”wcslcpy” undeclared (first use in this function); did you mean ”wcsncpy”?
   14 |   return ((int*)(&wcslcpy))[argc];
      |                   ^~~~~~~
      |                   wcsncpy
/home/toasterbirb/git/void/build/CMakeFiles/CMakeTmp/CheckSymbolExists.c:14:19: huom: each undeclared identifier is reported only once for each function it appears in
gmake[1]: *** [CMakeFiles/cmTC_de2dd.dir/build.make:78: CMakeFiles/cmTC_de2dd.dir/CheckSymbolExists.c.o] Virhe 1
gmake[1]: Poistutaan hakemistosta ”/home/toasterbirb/git/void/build/CMakeFiles/CMakeTmp”
gmake: *** [Makefile:127: cmTC_de2dd/fast] Virhe 2


File /home/toasterbirb/git/void/build/CMakeFiles/CMakeTmp/CheckSymbolExists.c:
/* */
#include <stddef.h>
#include <stdarg.h>
#include <stdlib.h>
#include <string.h>
#include <stdio.h>
#include <wchar.h>
#include <float.h>

int main(int argc, char** argv)
{
  (void)argv;
#ifndef wcslcpy
  return ((int*)(&wcslcpy))[argc];
#else
  (void)argc;
  return 0;
#endif
}
Determining if the _wcsicmp exist failed with the following output:
Change Dir: /home/toasterbirb/git/void/build/CMakeFiles/CMakeTmp

Run Build Command(s):/usr/bin/gmake -f Makefile cmTC_464a8/fast && /usr/bin/gmake  -f CMakeFiles/cmTC_464a8.dir/build.make CMakeFiles/cmTC_464a8.dir/build
gmake[1]: Siirrytään hakemistoon ”/home/toasterbirb/git/void/build/CMakeFiles/CMakeTmp”
Building C object CMakeFiles/cmTC_464a8.dir/CheckSymbolExists.c.o
/usr/bin/cc   -idirafter "/home/toasterbirb/git/void/birb2d/vendor/SDL/src/video/khronos"  -o CMakeFiles/cmTC_464a8.dir/CheckSymbolExists.c.o -c /home/toasterbirb/git/void/build/CMakeFiles/CMakeTmp/CheckSymbolExists.c
/home/toasterbirb/git/void/build/CMakeFiles/CMakeTmp/CheckSymbolExists.c: Funktio ”main”:
/home/toasterbirb/git/void/build/CMakeFiles/CMakeTmp/CheckSymbolExists.c:14:19: virhe: ”_wcsicmp” undeclared (first use in this function); did you mean ”wcsncmp”?
   14 |   return ((int*)(&_wcsicmp))[argc];
      |                   ^~~~~~~~
      |                   wcsncmp
/home/toasterbirb/git/void/build/CMakeFiles/CMakeTmp/CheckSymbolExists.c:14:19: huom: each undeclared identifier is reported only once for each function it appears in
gmake[1]: *** [CMakeFiles/cmTC_464a8.dir/build.make:78: CMakeFiles/cmTC_464a8.dir/CheckSymbolExists.c.o] Virhe 1
gmake[1]: Poistutaan hakemistosta ”/home/toasterbirb/git/void/build/CMakeFiles/CMakeTmp”
gmake: *** [Makefile:127: cmTC_464a8/fast] Virhe 2


File /home/toasterbirb/git/void/build/CMakeFiles/CMakeTmp/CheckSymbolExists.c:
/* */
#include <stddef.h>
#include <stdarg.h>
#include <stdlib.h>
#include <string.h>
#include <stdio.h>
#include <wchar.h>
#include <float.h>

int main(int argc, char** argv)
{
  (void)argv;
#ifndef _wcsicmp
  return ((int*)(&_wcsicmp))[argc];
#else
  (void)argc;
  return 0;
#endif
}
Determining if the _wcsnicmp exist failed with the following output:
Change Dir: /home/toasterbirb/git/void/build/CMakeFiles/CMakeTmp

Run Build Command(s):/usr/bin/gmake -f Makefile cmTC_4b4e2/fast && /usr/bin/gmake  -f CMakeFiles/cmTC_4b4e2.dir/build.make CMakeFiles/cmTC_4b4e2.dir/build
gmake[1]: Siirrytään hakemistoon ”/home/toasterbirb/git/void/build/CMakeFiles/CMakeTmp”
Building C object CMakeFiles/cmTC_4b4e2.dir/CheckSymbolExists.c.o
/usr/bin/cc   -idirafter "/home/toasterbirb/git/void/birb2d/vendor/SDL/src/video/khronos"  -o CMakeFiles/cmTC_4b4e2.dir/CheckSymbolExists.c.o -c /home/toasterbirb/git/void/build/CMakeFiles/CMakeTmp/CheckSymbolExists.c
/home/toasterbirb/git/void/build/CMakeFiles/CMakeTmp/CheckSymbolExists.c: Funktio ”main”:
/home/toasterbirb/git/void/build/CMakeFiles/CMakeTmp/CheckSymbolExists.c:14:19: virhe: ”_wcsnicmp” undeclared (first use in this function); did you mean ”wcsncmp”?
   14 |   return ((int*)(&_wcsnicmp))[argc];
      |                   ^~~~~~~~~
      |                   wcsncmp
/home/toasterbirb/git/void/build/CMakeFiles/CMakeTmp/CheckSymbolExists.c:14:19: huom: each undeclared identifier is reported only once for each function it appears in
gmake[1]: *** [CMakeFiles/cmTC_4b4e2.dir/build.make:78: CMakeFiles/cmTC_4b4e2.dir/CheckSymbolExists.c.o] Virhe 1
gmake[1]: Poistutaan hakemistosta ”/home/toasterbirb/git/void/build/CMakeFiles/CMakeTmp”
gmake: *** [Makefile:127: cmTC_4b4e2/fast] Virhe 2


File /home/toasterbirb/git/void/build/CMakeFiles/CMakeTmp/CheckSymbolExists.c:
/* */
#include <stddef.h>
#include <stdarg.h>
#include <stdlib.h>
#include <string.h>
#include <stdio.h>
#include <wchar.h>
#include <float.h>

int main(int argc, char** argv)
{
  (void)argv;
#ifndef _wcsnicmp
  return ((int*)(&_wcsnicmp))[argc];
#else
  (void)argc;
  return 0;
#endif
}
Determining if the fopen64 exist failed with the following output:
Change Dir: /home/toasterbirb/git/void/build/CMakeFiles/CMakeTmp

Run Build Command(s):/usr/bin/gmake -f Makefile cmTC_47a30/fast && /usr/bin/gmake  -f CMakeFiles/cmTC_47a30.dir/build.make CMakeFiles/cmTC_47a30.dir/build
gmake[1]: Siirrytään hakemistoon ”/home/toasterbirb/git/void/build/CMakeFiles/CMakeTmp”
Building C object CMakeFiles/cmTC_47a30.dir/CheckSymbolExists.c.o
/usr/bin/cc   -idirafter "/home/toasterbirb/git/void/birb2d/vendor/SDL/src/video/khronos"  -o CMakeFiles/cmTC_47a30.dir/CheckSymbolExists.c.o -c /home/toasterbirb/git/void/build/CMakeFiles/CMakeTmp/CheckSymbolExists.c
/home/toasterbirb/git/void/build/CMakeFiles/CMakeTmp/CheckSymbolExists.c: Funktio ”main”:
/home/toasterbirb/git/void/build/CMakeFiles/CMakeTmp/CheckSymbolExists.c:14:19: virhe: ”fopen64” undeclared (first use in this function); did you mean ”fopen”?
   14 |   return ((int*)(&fopen64))[argc];
      |                   ^~~~~~~
      |                   fopen
/home/toasterbirb/git/void/build/CMakeFiles/CMakeTmp/CheckSymbolExists.c:14:19: huom: each undeclared identifier is reported only once for each function it appears in
gmake[1]: *** [CMakeFiles/cmTC_47a30.dir/build.make:78: CMakeFiles/cmTC_47a30.dir/CheckSymbolExists.c.o] Virhe 1
gmake[1]: Poistutaan hakemistosta ”/home/toasterbirb/git/void/build/CMakeFiles/CMakeTmp”
gmake: *** [Makefile:127: cmTC_47a30/fast] Virhe 2


File /home/toasterbirb/git/void/build/CMakeFiles/CMakeTmp/CheckSymbolExists.c:
/* */
#include <stddef.h>
#include <stdarg.h>
#include <stdlib.h>
#include <string.h>
#include <stdio.h>
#include <wchar.h>
#include <float.h>

int main(int argc, char** argv)
{
  (void)argv;
#ifndef fopen64
  return ((int*)(&fopen64))[argc];
#else
  (void)argc;
  return 0;
#endif
}
Determining if the fseeko64 exist failed with the following output:
Change Dir: /home/toasterbirb/git/void/build/CMakeFiles/CMakeTmp

Run Build Command(s):/usr/bin/gmake -f Makefile cmTC_691bb/fast && /usr/bin/gmake  -f CMakeFiles/cmTC_691bb.dir/build.make CMakeFiles/cmTC_691bb.dir/build
gmake[1]: Siirrytään hakemistoon ”/home/toasterbirb/git/void/build/CMakeFiles/CMakeTmp”
Building C object CMakeFiles/cmTC_691bb.dir/CheckSymbolExists.c.o
/usr/bin/cc   -idirafter "/home/toasterbirb/git/void/birb2d/vendor/SDL/src/video/khronos"  -o CMakeFiles/cmTC_691bb.dir/CheckSymbolExists.c.o -c /home/toasterbirb/git/void/build/CMakeFiles/CMakeTmp/CheckSymbolExists.c
/home/toasterbirb/git/void/build/CMakeFiles/CMakeTmp/CheckSymbolExists.c: Funktio ”main”:
/home/toasterbirb/git/void/build/CMakeFiles/CMakeTmp/CheckSymbolExists.c:14:19: virhe: ”fseeko64” undeclared (first use in this function); did you mean ”fseeko”?
   14 |   return ((int*)(&fseeko64))[argc];
      |                   ^~~~~~~~
      |                   fseeko
/home/toasterbirb/git/void/build/CMakeFiles/CMakeTmp/CheckSymbolExists.c:14:19: huom: each undeclared identifier is reported only once for each function it appears in
gmake[1]: *** [CMakeFiles/cmTC_691bb.dir/build.make:78: CMakeFiles/cmTC_691bb.dir/CheckSymbolExists.c.o] Virhe 1
gmake[1]: Poistutaan hakemistosta ”/home/toasterbirb/git/void/build/CMakeFiles/CMakeTmp”
gmake: *** [Makefile:127: cmTC_691bb/fast] Virhe 2


File /home/toasterbirb/git/void/build/CMakeFiles/CMakeTmp/CheckSymbolExists.c:
/* */
#include <stddef.h>
#include <stdarg.h>
#include <stdlib.h>
#include <string.h>
#include <stdio.h>
#include <wchar.h>
#include <float.h>

int main(int argc, char** argv)
{
  (void)argv;
#ifndef fseeko64
  return ((int*)(&fseeko64))[argc];
#else
  (void)argc;
  return 0;
#endif
}
Determining if the sysctlbyname exist failed with the following output:
Change Dir: /home/toasterbirb/git/void/build/CMakeFiles/CMakeTmp

Run Build Command(s):/usr/bin/gmake -f Makefile cmTC_a81b4/fast && /usr/bin/gmake  -f CMakeFiles/cmTC_a81b4.dir/build.make CMakeFiles/cmTC_a81b4.dir/build
gmake[1]: Siirrytään hakemistoon ”/home/toasterbirb/git/void/build/CMakeFiles/CMakeTmp”
Building C object CMakeFiles/cmTC_a81b4.dir/CheckSymbolExists.c.o
/usr/bin/cc   -idirafter "/home/toasterbirb/git/void/birb2d/vendor/SDL/src/video/khronos"  -o CMakeFiles/cmTC_a81b4.dir/CheckSymbolExists.c.o -c /home/toasterbirb/git/void/build/CMakeFiles/CMakeTmp/CheckSymbolExists.c
/home/toasterbirb/git/void/build/CMakeFiles/CMakeTmp/CheckSymbolExists.c:3:10: vakava virhe: sys/sysctl.h: Tiedostoa tai hakemistoa ei ole
    3 | #include <sys/sysctl.h>
      |          ^~~~~~~~~~~~~~
käännös keskeytyi.
gmake[1]: *** [CMakeFiles/cmTC_a81b4.dir/build.make:78: CMakeFiles/cmTC_a81b4.dir/CheckSymbolExists.c.o] Virhe 1
gmake[1]: Poistutaan hakemistosta ”/home/toasterbirb/git/void/build/CMakeFiles/CMakeTmp”
gmake: *** [Makefile:127: cmTC_a81b4/fast] Virhe 2


File /home/toasterbirb/git/void/build/CMakeFiles/CMakeTmp/CheckSymbolExists.c:
/* */
#include <sys/types.h>
#include <sys/sysctl.h>

int main(int argc, char** argv)
{
  (void)argv;
#ifndef sysctlbyname
  return ((int*)(&sysctlbyname))[argc];
#else
  (void)argc;
  return 0;
#endif
}
Determining if the elf_aux_info exist failed with the following output:
Change Dir: /home/toasterbirb/git/void/build/CMakeFiles/CMakeTmp

Run Build Command(s):/usr/bin/gmake -f Makefile cmTC_9dac4/fast && /usr/bin/gmake  -f CMakeFiles/cmTC_9dac4.dir/build.make CMakeFiles/cmTC_9dac4.dir/build
gmake[1]: Siirrytään hakemistoon ”/home/toasterbirb/git/void/build/CMakeFiles/CMakeTmp”
Building C object CMakeFiles/cmTC_9dac4.dir/CheckSymbolExists.c.o
/usr/bin/cc   -idirafter "/home/toasterbirb/git/void/birb2d/vendor/SDL/src/video/khronos"  -o CMakeFiles/cmTC_9dac4.dir/CheckSymbolExists.c.o -c /home/toasterbirb/git/void/build/CMakeFiles/CMakeTmp/CheckSymbolExists.c
/home/toasterbirb/git/void/build/CMakeFiles/CMakeTmp/CheckSymbolExists.c: Funktio ”main”:
/home/toasterbirb/git/void/build/CMakeFiles/CMakeTmp/CheckSymbolExists.c:8:19: virhe: ”elf_aux_info” esittelemättä (ensimmäinen käyttökerta tässä funktiossa)
    8 |   return ((int*)(&elf_aux_info))[argc];
      |                   ^~~~~~~~~~~~
/home/toasterbirb/git/void/build/CMakeFiles/CMakeTmp/CheckSymbolExists.c:8:19: huom: each undeclared identifier is reported only once for each function it appears in
gmake[1]: *** [CMakeFiles/cmTC_9dac4.dir/build.make:78: CMakeFiles/cmTC_9dac4.dir/CheckSymbolExists.c.o] Virhe 1
gmake[1]: Poistutaan hakemistosta ”/home/toasterbirb/git/void/build/CMakeFiles/CMakeTmp”
gmake: *** [Makefile:127: cmTC_9dac4/fast] Virhe 2


File /home/toasterbirb/git/void/build/CMakeFiles/CMakeTmp/CheckSymbolExists.c:
/* */
#include <sys/auxv.h>

int main(int argc, char** argv)
{
  (void)argv;
#ifndef elf_aux_info
  return ((int*)(&elf_aux_info))[argc];
#else
  (void)argc;
  return 0;
#endif
}
Determining if the function iconv_open exists in the iconv failed with the following output:
Change Dir: /home/toasterbirb/git/void/build/CMakeFiles/CMakeTmp

Run Build Command(s):/usr/bin/gmake -f Makefile cmTC_cb7a1/fast && /usr/bin/gmake  -f CMakeFiles/cmTC_cb7a1.dir/build.make CMakeFiles/cmTC_cb7a1.dir/build
gmake[1]: Siirrytään hakemistoon ”/home/toasterbirb/git/void/build/CMakeFiles/CMakeTmp”
Building C object CMakeFiles/cmTC_cb7a1.dir/CheckFunctionExists.c.o
/usr/bin/cc   -idirafter "/home/toasterbirb/git/void/birb2d/vendor/SDL/src/video/khronos" -DCHECK_FUNCTION_EXISTS=iconv_open -o CMakeFiles/cmTC_cb7a1.dir/CheckFunctionExists.c.o -c /usr/share/cmake/Modules/CheckFunctionExists.c
Linking C executable cmTC_cb7a1
/usr/bin/cmake -E cmake_link_script CMakeFiles/cmTC_cb7a1.dir/link.txt --verbose=1
/usr/bin/cc  -idirafter "/home/toasterbirb/git/void/birb2d/vendor/SDL/src/video/khronos" -DCHECK_FUNCTION_EXISTS=iconv_open -rdynamic CMakeFiles/cmTC_cb7a1.dir/CheckFunctionExists.c.o -o cmTC_cb7a1  -liconv 
/usr/lib/gcc/x86_64-pc-linux-gnu/12.2.0/../../../../x86_64-pc-linux-gnu/bin/ld: kohdetta -liconv ei löydy: Tiedostoa tai hakemistoa ei ole
collect2: virhe: ld:n paluuarvo oli 1
gmake[1]: *** [CMakeFiles/cmTC_cb7a1.dir/build.make:99: cmTC_cb7a1] Virhe 1
gmake[1]: Poistutaan hakemistosta ”/home/toasterbirb/git/void/build/CMakeFiles/CMakeTmp”
gmake: *** [Makefile:127: cmTC_cb7a1/fast] Virhe 2



Determining if the alloca exist failed with the following output:
Change Dir: /home/toasterbirb/git/void/build/CMakeFiles/CMakeTmp

Run Build Command(s):/usr/bin/gmake -f Makefile cmTC_2690c/fast && /usr/bin/gmake  -f CMakeFiles/cmTC_2690c.dir/build.make CMakeFiles/cmTC_2690c.dir/build
gmake[1]: Siirrytään hakemistoon ”/home/toasterbirb/git/void/build/CMakeFiles/CMakeTmp”
Building C object CMakeFiles/cmTC_2690c.dir/CheckSymbolExists.c.o
/usr/bin/cc   -idirafter "/home/toasterbirb/git/void/birb2d/vendor/SDL/src/video/khronos"  -o CMakeFiles/cmTC_2690c.dir/CheckSymbolExists.c.o -c /home/toasterbirb/git/void/build/CMakeFiles/CMakeTmp/CheckSymbolExists.c
/home/toasterbirb/git/void/build/CMakeFiles/CMakeTmp/CheckSymbolExists.c: Funktio ”main”:
/home/toasterbirb/git/void/build/CMakeFiles/CMakeTmp/CheckSymbolExists.c:8:19: virhe: ”alloca” undeclared (first use in this function); did you mean ”valloc”?
    8 |   return ((int*)(&alloca))[argc];
      |                   ^~~~~~
      |                   valloc
/home/toasterbirb/git/void/build/CMakeFiles/CMakeTmp/CheckSymbolExists.c:8:19: huom: each undeclared identifier is reported only once for each function it appears in
gmake[1]: *** [CMakeFiles/cmTC_2690c.dir/build.make:78: CMakeFiles/cmTC_2690c.dir/CheckSymbolExists.c.o] Virhe 1
gmake[1]: Poistutaan hakemistosta ”/home/toasterbirb/git/void/build/CMakeFiles/CMakeTmp”
gmake: *** [Makefile:127: cmTC_2690c/fast] Virhe 2


File /home/toasterbirb/git/void/build/CMakeFiles/CMakeTmp/CheckSymbolExists.c:
/* */
#include <malloc.h>

int main(int argc, char** argv)
{
  (void)argv;
#ifndef alloca
  return ((int*)(&alloca))[argc];
#else
  (void)argc;
  return 0;
#endif
}
Determining if the include file audio/audiolib.h exists failed with the following output:
Change Dir: /home/toasterbirb/git/void/build/CMakeFiles/CMakeTmp

Run Build Command(s):/usr/bin/gmake -f Makefile cmTC_f5067/fast && /usr/bin/gmake  -f CMakeFiles/cmTC_f5067.dir/build.make CMakeFiles/cmTC_f5067.dir/build
gmake[1]: Siirrytään hakemistoon ”/home/toasterbirb/git/void/build/CMakeFiles/CMakeTmp”
Building C object CMakeFiles/cmTC_f5067.dir/CheckIncludeFile.c.o
/usr/bin/cc   -idirafter "/home/toasterbirb/git/void/birb2d/vendor/SDL/src/video/khronos"  -o CMakeFiles/cmTC_f5067.dir/CheckIncludeFile.c.o -c /home/toasterbirb/git/void/build/CMakeFiles/CMakeTmp/CheckIncludeFile.c
/home/toasterbirb/git/void/build/CMakeFiles/CMakeTmp/CheckIncludeFile.c:1:10: vakava virhe: audio/audiolib.h: Tiedostoa tai hakemistoa ei ole
    1 | #include <audio/audiolib.h>
      |          ^~~~~~~~~~~~~~~~~~
käännös keskeytyi.
gmake[1]: *** [CMakeFiles/cmTC_f5067.dir/build.make:78: CMakeFiles/cmTC_f5067.dir/CheckIncludeFile.c.o] Virhe 1
gmake[1]: Poistutaan hakemistosta ”/home/toasterbirb/git/void/build/CMakeFiles/CMakeTmp”
gmake: *** [Makefile:127: cmTC_f5067/fast] Virhe 2



Determining if the include file sndio.h exists failed with the following output:
Change Dir: /home/toasterbirb/git/void/build/CMakeFiles/CMakeTmp

Run Build Command(s):/usr/bin/gmake -f Makefile cmTC_3df0c/fast && /usr/bin/gmake  -f CMakeFiles/cmTC_3df0c.dir/build.make CMakeFiles/cmTC_3df0c.dir/build
gmake[1]: Siirrytään hakemistoon ”/home/toasterbirb/git/void/build/CMakeFiles/CMakeTmp”
Building C object CMakeFiles/cmTC_3df0c.dir/CheckIncludeFile.c.o
/usr/bin/cc   -idirafter "/home/toasterbirb/git/void/birb2d/vendor/SDL/src/video/khronos"  -o CMakeFiles/cmTC_3df0c.dir/CheckIncludeFile.c.o -c /home/toasterbirb/git/void/build/CMakeFiles/CMakeTmp/CheckIncludeFile.c
/home/toasterbirb/git/void/build/CMakeFiles/CMakeTmp/CheckIncludeFile.c:1:10: vakava virhe: sndio.h: Tiedostoa tai hakemistoa ei ole
    1 | #include <sndio.h>
      |          ^~~~~~~~~
käännös keskeytyi.
gmake[1]: *** [CMakeFiles/cmTC_3df0c.dir/build.make:78: CMakeFiles/cmTC_3df0c.dir/CheckIncludeFile.c.o] Virhe 1
gmake[1]: Poistutaan hakemistosta ”/home/toasterbirb/git/void/build/CMakeFiles/CMakeTmp”
gmake: *** [Makefile:127: cmTC_3df0c/fast] Virhe 2



Performing C SOURCE FILE Test HAVE_RPI failed with the following output:
Change Dir: /home/toasterbirb/git/void/build/CMakeFiles/CMakeTmp

Run Build Command(s):/usr/bin/gmake -f Makefile cmTC_6eab0/fast && /usr/bin/gmake  -f CMakeFiles/cmTC_6eab0.dir/build.make CMakeFiles/cmTC_6eab0.dir/build
gmake[1]: Siirrytään hakemistoon ”/home/toasterbirb/git/void/build/CMakeFiles/CMakeTmp”
Building C object CMakeFiles/cmTC_6eab0.dir/src.c.o
/usr/bin/cc -DHAVE_RPI  -idirafter "/home/toasterbirb/git/void/birb2d/vendor/SDL/src/video/khronos"   -I/opt/vc/include -I/opt/vc/include/interface/vcos/pthreads -I/opt/vc/include/interface/vmcs_host/linux/  -L/opt/vc/lib -o CMakeFiles/cmTC_6eab0.dir/src.c.o -c /home/toasterbirb/git/void/build/CMakeFiles/CMakeTmp/src.c
/home/toasterbirb/git/void/build/CMakeFiles/CMakeTmp/src.c:2:18: vakava virhe: bcm_host.h: Tiedostoa tai hakemistoa ei ole
    2 |         #include <bcm_host.h>
      |                  ^~~~~~~~~~~~
käännös keskeytyi.
gmake[1]: *** [CMakeFiles/cmTC_6eab0.dir/build.make:78: CMakeFiles/cmTC_6eab0.dir/src.c.o] Virhe 1
gmake[1]: Poistutaan hakemistosta ”/home/toasterbirb/git/void/build/CMakeFiles/CMakeTmp”
gmake: *** [Makefile:127: cmTC_6eab0/fast] Virhe 2


Source file was:

        #include <bcm_host.h>
        #include <EGL/eglplatform.h>
        int main(int argc, char **argv) {
          EGL_DISPMANX_WINDOW_T window;
          bcm_host_init();
        }
Performing C SOURCE FILE Test HAVE_VIVANTE_VDK failed with the following output:
Change Dir: /home/toasterbirb/git/void/build/CMakeFiles/CMakeTmp

Run Build Command(s):/usr/bin/gmake -f Makefile cmTC_59525/fast && /usr/bin/gmake  -f CMakeFiles/cmTC_59525.dir/build.make CMakeFiles/cmTC_59525.dir/build
gmake[1]: Siirrytään hakemistoon ”/home/toasterbirb/git/void/build/CMakeFiles/CMakeTmp”
Building C object CMakeFiles/cmTC_59525.dir/src.c.o
/usr/bin/cc -DHAVE_VIVANTE_VDK  -idirafter "/home/toasterbirb/git/void/birb2d/vendor/SDL/src/video/khronos"  -o CMakeFiles/cmTC_59525.dir/src.c.o -c /home/toasterbirb/git/void/build/CMakeFiles/CMakeTmp/src.c
/home/toasterbirb/git/void/build/CMakeFiles/CMakeTmp/src.c:2:18: vakava virhe: gc_vdk.h: Tiedostoa tai hakemistoa ei ole
    2 |         #include <gc_vdk.h>
      |                  ^~~~~~~~~~
käännös keskeytyi.
gmake[1]: *** [CMakeFiles/cmTC_59525.dir/build.make:78: CMakeFiles/cmTC_59525.dir/src.c.o] Virhe 1
gmake[1]: Poistutaan hakemistosta ”/home/toasterbirb/git/void/build/CMakeFiles/CMakeTmp”
gmake: *** [Makefile:127: cmTC_59525/fast] Virhe 2


Source file was:

        #include <gc_vdk.h>
        int main(int argc, char** argv) { return 0; }
Performing C SOURCE FILE Test HAVE_VIVANTE_EGL_FB failed with the following output:
Change Dir: /home/toasterbirb/git/void/build/CMakeFiles/CMakeTmp

Run Build Command(s):/usr/bin/gmake -f Makefile cmTC_aeb90/fast && /usr/bin/gmake  -f CMakeFiles/cmTC_aeb90.dir/build.make CMakeFiles/cmTC_aeb90.dir/build
gmake[1]: Siirrytään hakemistoon ”/home/toasterbirb/git/void/build/CMakeFiles/CMakeTmp”
Building C object CMakeFiles/cmTC_aeb90.dir/src.c.o
/usr/bin/cc -DHAVE_VIVANTE_EGL_FB  -idirafter "/home/toasterbirb/git/void/birb2d/vendor/SDL/src/video/khronos"  -o CMakeFiles/cmTC_aeb90.dir/src.c.o -c /home/toasterbirb/git/void/build/CMakeFiles/CMakeTmp/src.c
/home/toasterbirb/git/void/build/CMakeFiles/CMakeTmp/src.c:4:18: vakava virhe: EGL/eglvivante.h: Tiedostoa tai hakemistoa ei ole
    4 |         #include <EGL/eglvivante.h>
      |                  ^~~~~~~~~~~~~~~~~~
käännös keskeytyi.
gmake[1]: *** [CMakeFiles/cmTC_aeb90.dir/build.make:78: CMakeFiles/cmTC_aeb90.dir/src.c.o] Virhe 1
gmake[1]: Poistutaan hakemistosta ”/home/toasterbirb/git/void/build/CMakeFiles/CMakeTmp”
gmake: *** [Makefile:127: cmTC_aeb90/fast] Virhe 2


Source file was:

        #define LINUX
        #define EGL_API_FB
        #include <EGL/eglvivante.h>
        int main(int argc, char** argv) { return 0; }
Determining if files pthread_np.h exist failed with the following output:
Change Dir: /home/toasterbirb/git/void/build/CMakeFiles/CMakeTmp

Run Build Command(s):/usr/bin/gmake -f Makefile cmTC_89a43/fast && /usr/bin/gmake  -f CMakeFiles/cmTC_89a43.dir/build.make CMakeFiles/cmTC_89a43.dir/build
gmake[1]: Siirrytään hakemistoon ”/home/toasterbirb/git/void/build/CMakeFiles/CMakeTmp”
Building C object CMakeFiles/cmTC_89a43.dir/HAVE_PTHREAD_NP_H.c.o
/usr/bin/cc   -idirafter "/home/toasterbirb/git/void/birb2d/vendor/SDL/src/video/khronos" -I/usr/include/libusb-1.0  -D_REENTRANT -pthread -o CMakeFiles/cmTC_89a43.dir/HAVE_PTHREAD_NP_H.c.o -c /home/toasterbirb/git/void/build/CMakeFiles/CheckIncludeFiles/HAVE_PTHREAD_NP_H.c
/home/toasterbirb/git/void/build/CMakeFiles/CheckIncludeFiles/HAVE_PTHREAD_NP_H.c:2:10: vakava virhe: pthread_np.h: Tiedostoa tai hakemistoa ei ole
    2 | #include <pthread_np.h>
      |          ^~~~~~~~~~~~~~
käännös keskeytyi.
gmake[1]: *** [CMakeFiles/cmTC_89a43.dir/build.make:78: CMakeFiles/cmTC_89a43.dir/HAVE_PTHREAD_NP_H.c.o] Virhe 1
gmake[1]: Poistutaan hakemistosta ”/home/toasterbirb/git/void/build/CMakeFiles/CMakeTmp”
gmake: *** [Makefile:127: cmTC_89a43/fast] Virhe 2


Source:
/* */
#include <pthread_np.h>


int main(void){return 0;}

Checking whether the ASM_NASM compiler is GNU using "--version" did not match "(GNU assembler)|(GCC)|(Free Software Foundation)":
NASM version 2.15.05 compiled on Apr 26 2022
Checking whether the ASM_NASM compiler is Clang using "--version" did not match "(clang version)":
NASM version 2.15.05 compiled on Apr 26 2022
Checking whether the ASM_NASM compiler is AppleClang using "--version" did not match "(Apple LLVM version)":
NASM version 2.15.05 compiled on Apr 26 2022
Checking whether the ASM_NASM compiler is ARMClang using "--version" did not match "armclang":
NASM version 2.15.05 compiled on Apr 26 2022
Checking whether the ASM_NASM compiler is HP using "-V" did not match "HP C":
nasm: error: unrecognised option `-V'
Checking whether the ASM_NASM compiler is Intel using "--version" did not match "(ICC)":
NASM version 2.15.05 compiled on Apr 26 2022
Checking whether the ASM_NASM compiler is IntelLLVM using "--version" did not match "(Intel[^
]+oneAPI)":
NASM version 2.15.05 compiled on Apr 26 2022
Checking whether the ASM_NASM compiler is SunPro using "-V" did not match "Sun C":
nasm: error: unrecognised option `-V'
Checking whether the ASM_NASM compiler is XL using "-qversion" did not match "XL C":
nasm: error: unrecognised option `-q'
Checking whether the ASM_NASM compiler is MSVC using "-?" did not match "Microsoft":
nasm: error: unrecognised option `-?'
Checking whether the ASM_NASM compiler is TI using "-h" did not match "Texas Instruments":
Usage: /usr/bin/nasm [-@ response_file] [options...] [--] filename
       /usr/bin/nasm -v (or --v)

Options (values in brackets indicate defaults):

    -h            show this text and exit (also --help)
    -v (or --v)   print the NASM version number and exit
    -@ file       response file; one command line option per line

    -o outfile    write output to outfile
    --keep-all    output files will not be removed even if an error happens

    -Xformat      specifiy error reporting format (gnu or vc)
    -s            redirect error messages to stdout
    -Zfile        redirect error messages to file

    -M            generate Makefile dependencies on stdout
    -MG           d:o, missing files assumed generated
    -MF file      set Makefile dependency file
    -MD file      assemble and generate dependencies
    -MT file      dependency target name
    -MQ file      dependency target name (quoted)
    -MP           emit phony targets

    -f format     select output file format
       bin                  Flat raw binary (MS-DOS, embedded, ...) [default]
       ith                  Intel Hex encoded flat binary
       srec                 Motorola S-records encoded flat binary
       aout                 Linux a.out
       aoutb                NetBSD/FreeBSD a.out
       coff                 COFF (i386) (DJGPP, some Unix variants)
       elf32                ELF32 (i386) (Linux, most Unix variants)
       elf64                ELF64 (x86-64) (Linux, most Unix variants)
       elfx32               ELFx32 (ELF32 for x86-64) (Linux)
       as86                 as86 (bin86/dev86 toolchain)
       obj                  Intel/Microsoft OMF (MS-DOS, OS/2, Win16)
       win32                Microsoft extended COFF for Win32 (i386)
       win64                Microsoft extended COFF for Win64 (x86-64)
       ieee                 IEEE-695 (LADsoft variant) object file format
       macho32              Mach-O i386 (Mach, including MacOS X and variants)
       macho64              Mach-O x86-64 (Mach, including MacOS X and variants)
       dbg                  Trace of all info passed to output stage
       elf                  Legacy alias for "elf32"
       macho                Legacy alias for "macho32"
       win                  Legacy alias for "win32"

    -g            generate debugging information
    -F format     select a debugging format (output format dependent)
    -gformat      same as -g -F format
       elf32:     dwarf     ELF32 (i386) dwarf (newer) [default]
                  stabs     ELF32 (i386) stabs (older)
       elf64:     dwarf     ELF64 (x86-64) dwarf (newer) [default]
                  stabs     ELF64 (x86-64) stabs (older)
       elfx32:    dwarf     ELFx32 (x86-64) dwarf (newer) [default]
                  stabs     ELFx32 (x86-64) stabs (older)
       obj:       borland   Borland Debug Records [default]
       win32:     cv8       Codeview 8+ [default]
       win64:     cv8       Codeview 8+ [default]
       ieee:      ladsoft   LADsoft Debug Records [default]
       macho32:   dwarf     Mach-O i386 dwarf for Darwin/MacOS [default]
       macho64:   dwarf     Mach-O x86-64 dwarf for Darwin/MacOS [default]
       dbg:       debug     Trace of all info passed to debug stage [default]

    -l listfile   write listing to a list file
    -Lflags...    add optional information to the list file
       -Lb        show builtin macro packages (standard and %use)
       -Ld        show byte and repeat counts in decimal, not hex
       -Le        show the preprocessed output
       -Lf        ignore .nolist (force output)
       -Lm        show multi-line macro calls with expanded parmeters
       -Lp        output a list file every pass, in case of errors
       -Ls        show all single-line macro definitions
       -Lw        flush the output after every line (very slow!)
       -L+        enable all listing options except -Lw (very verbose!)

    -Oflags...    optimize opcodes, immediates and branch offsets
       -O0        no optimization
       -O1        minimal optimization
       -Ox        multipass optimization (default)
       -Ov        display the number of passes executed at the end
    -t            assemble in limited SciTech TASM compatible mode

    -E (or -e)    preprocess only (writes output to stdout by default)
    -a            don't preprocess (assemble only)
    -Ipath        add a pathname to the include file path
    -Pfile        pre-include a file (also --include)
    -Dmacro[=str] pre-define a macro
    -Umacro       undefine a macro
   --pragma str   pre-executes a specific %%pragma
   --before str   add line (usually a preprocessor statement) before the input
   --no-line      ignore %line directives in input

   --prefix str   prepend the given string to the names of all extern,
                  common and global symbols (also --gprefix)
   --suffix str   append the given string to the names of all extern,
                  common and global symbols (also --gprefix)
   --lprefix str  prepend the given string to local symbols
   --lpostfix str append the given string to local symbols

   --reproducible attempt to produce run-to-run identical output

    -w+x          enable warning x (also -Wx)
    -w-x          disable warning x (also -Wno-x)
    -w[+-]error   promote all warnings to errors (also -Werror)
    -w[+-]error=x promote warning x to errors (also -Werror=x)
       all                  all possible warnings
       bnd                  invalid BND prefixes [on]
       db-empty             no operand for data declaration [on]
       environment          nonexistent environment variable [on]
       float                all warnings prefixed with "float-"
       float-denorm         floating point denormal [off]
       float-overflow       floating point overflow [on]
       float-toolong        too many digits in floating-point number [on]
       float-underflow      floating point underflow [off]
       hle                  invalid HLE prefixes [on]
       label                all warnings prefixed with "label-"
       label-orphan         labels alone on lines without trailing `:' [on]
       label-redef          label redefined to an identical value [off]
       label-redef-late     label (re)defined during code generation [error]
       lock                 LOCK prefix on unlockable instructions [on]
       macro                all warnings prefixed with "macro-"
       macro-def            all warnings prefixed with "macro-def-"
       macro-def-case-single single-line macro defined both case sensitive and insensitive [on]
       macro-def-greedy-single single-line macro [on]
       macro-def-param-single single-line macro defined with and without parameters [error]
       macro-defaults       macros with more default than optional parameters [on]
       macro-params         all warnings prefixed with "macro-params-"
       macro-params-legacy  improperly calling multi-line macro for legacy support [on]
       macro-params-multi   multi-line macro calls with wrong parameter count [on]
       macro-params-single  single-line macro calls with wrong parameter count [on]
       negative-rep         regative %rep count [on]
       number-overflow      numeric constant does not fit [on]
       obsolete             all warnings prefixed with "obsolete-"
       obsolete-nop         instruction obsolete and is a noop on the target CPU [on]
       obsolete-removed     instruction obsolete and removed on the target CPU [on]
       obsolete-valid       instruction obsolete but valid on the target CPU [on]
       phase                phase error during stabilization [off]
       pragma               all warnings prefixed with "pragma-"
       pragma-bad           malformed %pragma [off]
       pragma-empty         empty %pragma directive [off]
       pragma-na            %pragma not applicable to this compilation [off]
       pragma-unknown       unknown %pragma facility or directive [off]
       ptr                  non-NASM keyword used in other assemblers [on]
       regsize              register size specification ignored [on]
       unknown-warning      unknown warning in -W/-w or warning directive [off]
       user                 %warning directives [on]
       warn-stack-empty     warning stack empty [on]
       zeroing              RESx in initialized section becomes zero [on]
       zext-reloc           relocation zero-extended to match output format [on]
       other                any warning not specifially mentioned above [on]

   --limit-X val  set execution limit X
       passes               total number of passes [unlimited]
       stalled-passes       number of passes without forward progress [1000]
       macro-levels         levels of macro expansion [10000]
       macro-tokens         tokens processed during single-lime macro expansion [10000000]
       mmacros              multi-line macros before final return [100000]
       rep                  %rep count [1000000]
       eval                 expression evaluation descent [8192]
       lines                total source lines processed [2000000000]
Checking whether the ASM_NASM compiler is IAR using "" did not match "IAR Assembler":
nasm: fatal: no input file specified
Type /usr/bin/nasm -h for help.
Checking whether the ASM_NASM compiler is ARMCC using "" did not match "(ARM Compiler)|(ARM Assembler)|(Arm Compiler)":
nasm: fatal: no input file specified
Type /usr/bin/nasm -h for help.
Performing C SOURCE FILE Test HAVE_W_NO_UNKNOWN_WARNING failed with the following output:
Change Dir: /home/toasterbirb/git/void/build/CMakeFiles/CMakeTmp

Run Build Command(s):/usr/bin/gmake -f Makefile cmTC_7eb58/fast && /usr/bin/gmake  -f CMakeFiles/cmTC_7eb58.dir/build.make CMakeFiles/cmTC_7eb58.dir/build
gmake[1]: Entering directory '/home/toasterbirb/git/void/build/CMakeFiles/CMakeTmp'
Building C object CMakeFiles/cmTC_7eb58.dir/src.c.o
/usr/bin/cc -DHAVE_W_NO_UNKNOWN_WARNING  -Wall -Wwrite-strings -Wextra  -fPIE   -Wunknown-warning-option -o CMakeFiles/cmTC_7eb58.dir/src.c.o -c /home/toasterbirb/git/void/build/CMakeFiles/CMakeTmp/src.c
cc: error: unrecognized command-line option '-Wunknown-warning-option'
gmake[1]: *** [CMakeFiles/cmTC_7eb58.dir/build.make:78: CMakeFiles/cmTC_7eb58.dir/src.c.o] Error 1
gmake[1]: Leaving directory '/home/toasterbirb/git/void/build/CMakeFiles/CMakeTmp'
gmake: *** [Makefile:127: cmTC_7eb58/fast] Error 2


Source file was:
int main(void) { return 0; }
